<?xml version="1.0" encoding="UTF-8"?>
<!-- Generated by org.testng.reporters.JUnitReportReporter -->
<testsuite hostname="DESKTOP-3GS2THR" failures="0" tests="1" name="testCases.TC002_LogInToMyAccount" time="4.105" errors="0" timestamp="2025-03-31T23:09:05 IST" skipped="0">
  <testcase classname="testCases.TC002_LogInToMyAccount" name="loginIntoMyAccount" time="4.105"/>
</testsuite> <!-- testCases.TC002_LogInToMyAccount -->
