<?xml version="1.0" encoding="UTF-8"?>
<!-- Generated by org.testng.reporters.JUnitReportReporter -->
<testsuite hostname="DESKTOP-3GS2THR" failures="0" tests="4" name="testCases.TC003_LoginToMyAccountDDT" time="67.942" errors="0" timestamp="2025-03-31T05:02:20 IST" skipped="0">
  <testcase classname="testCases.TC003_LoginToMyAccountDDT" name="loginToMyAccountDDT" time="6.175"/>
  <testcase classname="testCases.TC003_LoginToMyAccountDDT" name="loginToMyAccountDDT" time="25.227"/>
  <testcase classname="testCases.TC003_LoginToMyAccountDDT" name="loginToMyAccountDDT" time="28.282"/>
  <testcase classname="testCases.TC003_LoginToMyAccountDDT" name="loginToMyAccountDDT" time="8.258"/>
</testsuite> <!-- testCases.TC003_LoginToMyAccountDDT -->
