<?xml version="1.0" encoding="UTF-8"?>
<!-- Generated by org.testng.reporters.JUnitReportReporter -->
<testsuite hostname="DESKTOP-3GS2THR" failures="0" tests="4" name="testCases.TC003_LoginToMyAccountDDT" time="38.940" errors="0" timestamp="2024-12-08T20:21:31 IST" skipped="0">
  <testcase classname="testCases.TC003_LoginToMyAccountDDT" name="loginToMyAccountDDT" time="14.385"/>
  <testcase classname="testCases.TC003_LoginToMyAccountDDT" name="loginToMyAccountDDT" time="4.897"/>
  <testcase classname="testCases.TC003_LoginToMyAccountDDT" name="loginToMyAccountDDT" time="14.033"/>
  <testcase classname="testCases.TC003_LoginToMyAccountDDT" name="loginToMyAccountDDT" time="5.625"/>
</testsuite> <!-- testCases.TC003_LoginToMyAccountDDT -->
