<?xml version="1.0" encoding="UTF-8"?>
<!-- Generated by org.testng.reporters.JUnitReportReporter -->
<testsuite hostname="DESKTOP-3GS2THR" failures="0" tests="1" name="testCases.TC001_AccountRegistration_Test" time="4.241" errors="0" timestamp="2025-03-31T23:09:05 IST" skipped="0">
  <testcase classname="testCases.TC001_AccountRegistration_Test" name="verfiAccountRegistration" time="4.241"/>
</testsuite> <!-- testCases.TC001_AccountRegistration_Test -->
