<?xml version="1.0" encoding="UTF-8"?>
<!-- Generated by org.testng.reporters.JUnitReportReporter -->
<testsuite hostname="DESKTOP-3GS2THR" failures="0" tests="4" name="testCases.TC003_LoginToMyAccountDDT" time="43.804" errors="0" timestamp="2024-12-11T00:50:16 IST" skipped="0">
  <testcase classname="testCases.TC003_LoginToMyAccountDDT" name="loginToMyAccountDDT" time="5.075"/>
  <testcase classname="testCases.TC003_LoginToMyAccountDDT" name="loginToMyAccountDDT" time="18.370"/>
  <testcase classname="testCases.TC003_LoginToMyAccountDDT" name="loginToMyAccountDDT" time="14.564"/>
  <testcase classname="testCases.TC003_LoginToMyAccountDDT" name="loginToMyAccountDDT" time="5.795"/>
</testsuite> <!-- testCases.TC003_LoginToMyAccountDDT -->
