<?xml version="1.0" encoding="UTF-8"?>
<!-- Generated by org.testng.reporters.JUnitReportReporter -->
<testsuite hostname="DESKTOP-3GS2THR" failures="0" tests="1" name="testCases.TC001_AccountRegistration_Test" time="3.857" errors="0" timestamp="2024-12-11T01:13:28 IST" skipped="0">
  <testcase classname="testCases.TC001_AccountRegistration_Test" name="verfiAccountRegistration" time="3.857"/>
</testsuite> <!-- testCases.TC001_AccountRegistration_Test -->
