<?xml version="1.0" encoding="UTF-8"?>
<!-- Generated by org.testng.reporters.JUnitReportReporter -->
<testsuite hostname="DESKTOP-3GS2THR" failures="0" tests="1" name="testCases.TC002_LogInToMyAccount" time="3.845" errors="0" timestamp="2024-12-11T01:13:28 IST" skipped="0">
  <testcase classname="testCases.TC002_LogInToMyAccount" name="loginIntoMyAccount" time="3.845"/>
</testsuite> <!-- testCases.TC002_LogInToMyAccount -->
